{"name": "test_one", "status": "failed", "statusDetails": {"message": "AssertionError: Page value is not equal to the expected value\nassert 6 == 3", "trace": "self = <test_getUserData.TestGetUserData object at 0x00000269165BD2B0>\n\n    @allure.feature('Saving of users data')\n    @allure.story('Get list of users')\n    def test_one(self):\n        response = requests.get(BASE_URL + \"/api/users?page=2\")\n        userData = response.json()\n    \n        assert response.status_code == 200, 'Response code in wrong'\n>       assert userData['per_page'] == 3, 'Page value is not equal to the expected value'\nE       AssertionError: Page value is not equal to the expected value\nE       assert 6 == 3\n\ntest_getUserData.py:15: AssertionError"}, "steps": [{"name": "Log (DEBUG) Starting new HTTPS connection (1): reqres.in:443", "status": "passed", "start": 1627902313051, "stop": 1627902313051}, {"name": "Log (DEBUG) https://reqres.in:443 \"GET /api/users?page=2 HTTP/1.1\" 200 None", "status": "passed", "start": 1627902313239, "stop": 1627902313239}], "attachments": [{"name": "log", "source": "57fe32d7-eb85-4c31-aded-3c312b5bb4ed-attachment.txt", "type": "text/plain"}], "start": 1627902313049, "stop": 1627902313242, "uuid": "4bc333d2-e62c-4a40-a102-59a53abcfd31", "historyId": "5c944c221f89fba5e5fc1354115805a0", "testCaseId": "78ba33c9956b8aa6c8a9c7f23390faaf", "fullName": "test_getUserData.TestGetUserData#test_one", "labels": [{"name": "feature", "value": "Saving of users data"}, {"name": "story", "value": "Get list of users"}, {"name": "suite", "value": "test_getUserData"}, {"name": "subSuite", "value": "TestGetUserData"}, {"name": "host", "value": "nba-196-74"}, {"name": "thread", "value": "15372-MainThread"}, {"name": "framework", "value": "pytest"}, {"name": "language", "value": "cpython3"}, {"name": "package", "value": "test_getUserData"}]}